Jun 09 2022 13:16:31
{"Number":8192,"Message":"explode(): Passing null to parameter #2 ($string) of type string is deprecated","File":"C:\\Users\\LNGDVD97M\\Documents\\DedaAcademy\\Wordpress\\progettos2i\\wp-content\\plugins\\all-in-one-wp-migration\\functions.php","Line":447}

Jun 09 2022 13:16:31
{"type":8192,"message":"Return type of WPCF7_Validation::offsetUnset($offset) should either be compatible with ArrayAccess::offsetUnset(mixed $offset): void, or the #[\\ReturnTypeWillChange] attribute should be used to temporarily suppress the notice","file":"C:\\Users\\LNGDVD97M\\Documents\\DedaAcademy\\Wordpress\\progettos2i\\wp-content\\plugins\\contact-form-7\\includes\\validation.php","line":82}

Jun 09 2022 13:16:31
{"type":8192,"message":"Return type of WPCF7_Validation::offsetUnset($offset) should either be compatible with ArrayAccess::offsetUnset(mixed $offset): void, or the #[\\ReturnTypeWillChange] attribute should be used to temporarily suppress the notice","file":"C:\\Users\\LNGDVD97M\\Documents\\DedaAcademy\\Wordpress\\progettos2i\\wp-content\\plugins\\contact-form-7\\includes\\validation.php","line":82}

Jun 09 2022 13:16:32
{"type":8192,"message":"Return type of WPCF7_Validation::offsetUnset($offset) should either be compatible with ArrayAccess::offsetUnset(mixed $offset): void, or the #[\\ReturnTypeWillChange] attribute should be used to temporarily suppress the notice","file":"C:\\Users\\LNGDVD97M\\Documents\\DedaAcademy\\Wordpress\\progettos2i\\wp-content\\plugins\\contact-form-7\\includes\\validation.php","line":82}

Jun 09 2022 13:16:33
{"type":8192,"message":"Return type of WPCF7_Validation::offsetUnset($offset) should either be compatible with ArrayAccess::offsetUnset(mixed $offset): void, or the #[\\ReturnTypeWillChange] attribute should be used to temporarily suppress the notice","file":"C:\\Users\\LNGDVD97M\\Documents\\DedaAcademy\\Wordpress\\progettos2i\\wp-content\\plugins\\contact-form-7\\includes\\validation.php","line":82}

Jun 09 2022 13:16:34
{"Number":8192,"Message":"base64_encode(): Passing null to parameter #1 ($string) of type string is deprecated","File":"C:\\Users\\LNGDVD97M\\Documents\\DedaAcademy\\Wordpress\\progettos2i\\wp-content\\plugins\\all-in-one-wp-migration\\lib\\model\\export\\class-ai1wm-export-config.php","Line":164}

Jun 09 2022 13:16:34
{"Number":8192,"Message":"base64_encode(): Passing null to parameter #1 ($string) of type string is deprecated","File":"C:\\Users\\LNGDVD97M\\Documents\\DedaAcademy\\Wordpress\\progettos2i\\wp-content\\plugins\\all-in-one-wp-migration\\lib\\model\\export\\class-ai1wm-export-config.php","Line":164}

Jun 09 2022 13:16:34
{"type":8192,"message":"Return type of WPCF7_Validation::offsetUnset($offset) should either be compatible with ArrayAccess::offsetUnset(mixed $offset): void, or the #[\\ReturnTypeWillChange] attribute should be used to temporarily suppress the notice","file":"C:\\Users\\LNGDVD97M\\Documents\\DedaAcademy\\Wordpress\\progettos2i\\wp-content\\plugins\\contact-form-7\\includes\\validation.php","line":82}

Jun 09 2022 13:16:34
{"type":8192,"message":"Return type of WPCF7_Validation::offsetUnset($offset) should either be compatible with ArrayAccess::offsetUnset(mixed $offset): void, or the #[\\ReturnTypeWillChange] attribute should be used to temporarily suppress the notice","file":"C:\\Users\\LNGDVD97M\\Documents\\DedaAcademy\\Wordpress\\progettos2i\\wp-content\\plugins\\contact-form-7\\includes\\validation.php","line":82}

Jun 09 2022 13:16:35
{"type":8192,"message":"Return type of WPCF7_Validation::offsetUnset($offset) should either be compatible with ArrayAccess::offsetUnset(mixed $offset): void, or the #[\\ReturnTypeWillChange] attribute should be used to temporarily suppress the notice","file":"C:\\Users\\LNGDVD97M\\Documents\\DedaAcademy\\Wordpress\\progettos2i\\wp-content\\plugins\\contact-form-7\\includes\\validation.php","line":82}

Jun 09 2022 13:16:36
{"type":8192,"message":"Return type of WPCF7_Validation::offsetUnset($offset) should either be compatible with ArrayAccess::offsetUnset(mixed $offset): void, or the #[\\ReturnTypeWillChange] attribute should be used to temporarily suppress the notice","file":"C:\\Users\\LNGDVD97M\\Documents\\DedaAcademy\\Wordpress\\progettos2i\\wp-content\\plugins\\contact-form-7\\includes\\validation.php","line":82}

Jun 09 2022 13:16:36
{"type":8192,"message":"Return type of WPCF7_Validation::offsetUnset($offset) should either be compatible with ArrayAccess::offsetUnset(mixed $offset): void, or the #[\\ReturnTypeWillChange] attribute should be used to temporarily suppress the notice","file":"C:\\Users\\LNGDVD97M\\Documents\\DedaAcademy\\Wordpress\\progettos2i\\wp-content\\plugins\\contact-form-7\\includes\\validation.php","line":82}

Jun 09 2022 13:16:37
{"type":8192,"message":"Return type of WPCF7_Validation::offsetUnset($offset) should either be compatible with ArrayAccess::offsetUnset(mixed $offset): void, or the #[\\ReturnTypeWillChange] attribute should be used to temporarily suppress the notice","file":"C:\\Users\\LNGDVD97M\\Documents\\DedaAcademy\\Wordpress\\progettos2i\\wp-content\\plugins\\contact-form-7\\includes\\validation.php","line":82}

Jun 09 2022 13:16:38
{"type":8192,"message":"Return type of WPCF7_Validation::offsetUnset($offset) should either be compatible with ArrayAccess::offsetUnset(mixed $offset): void, or the #[\\ReturnTypeWillChange] attribute should be used to temporarily suppress the notice","file":"C:\\Users\\LNGDVD97M\\Documents\\DedaAcademy\\Wordpress\\progettos2i\\wp-content\\plugins\\contact-form-7\\includes\\validation.php","line":82}

Jun 09 2022 13:16:39
{"type":8192,"message":"Return type of WPCF7_Validation::offsetUnset($offset) should either be compatible with ArrayAccess::offsetUnset(mixed $offset): void, or the #[\\ReturnTypeWillChange] attribute should be used to temporarily suppress the notice","file":"C:\\Users\\LNGDVD97M\\Documents\\DedaAcademy\\Wordpress\\progettos2i\\wp-content\\plugins\\contact-form-7\\includes\\validation.php","line":82}

Jun 09 2022 13:16:39
{"type":8192,"message":"Return type of WPCF7_Validation::offsetUnset($offset) should either be compatible with ArrayAccess::offsetUnset(mixed $offset): void, or the #[\\ReturnTypeWillChange] attribute should be used to temporarily suppress the notice","file":"C:\\Users\\LNGDVD97M\\Documents\\DedaAcademy\\Wordpress\\progettos2i\\wp-content\\plugins\\contact-form-7\\includes\\validation.php","line":82}

Jun 09 2022 13:16:41
{"type":8192,"message":"Return type of WPCF7_Validation::offsetUnset($offset) should either be compatible with ArrayAccess::offsetUnset(mixed $offset): void, or the #[\\ReturnTypeWillChange] attribute should be used to temporarily suppress the notice","file":"C:\\Users\\LNGDVD97M\\Documents\\DedaAcademy\\Wordpress\\progettos2i\\wp-content\\plugins\\contact-form-7\\includes\\validation.php","line":82}

Jun 09 2022 13:16:41
{"type":8192,"message":"Return type of WPCF7_Validation::offsetUnset($offset) should either be compatible with ArrayAccess::offsetUnset(mixed $offset): void, or the #[\\ReturnTypeWillChange] attribute should be used to temporarily suppress the notice","file":"C:\\Users\\LNGDVD97M\\Documents\\DedaAcademy\\Wordpress\\progettos2i\\wp-content\\plugins\\contact-form-7\\includes\\validation.php","line":82}

Jun 09 2022 13:16:44
{"type":8192,"message":"Return type of WPCF7_Validation::offsetUnset($offset) should either be compatible with ArrayAccess::offsetUnset(mixed $offset): void, or the #[\\ReturnTypeWillChange] attribute should be used to temporarily suppress the notice","file":"C:\\Users\\LNGDVD97M\\Documents\\DedaAcademy\\Wordpress\\progettos2i\\wp-content\\plugins\\contact-form-7\\includes\\validation.php","line":82}

Jun 09 2022 13:16:45
{"type":8192,"message":"Return type of WPCF7_Validation::offsetUnset($offset) should either be compatible with ArrayAccess::offsetUnset(mixed $offset): void, or the #[\\ReturnTypeWillChange] attribute should be used to temporarily suppress the notice","file":"C:\\Users\\LNGDVD97M\\Documents\\DedaAcademy\\Wordpress\\progettos2i\\wp-content\\plugins\\contact-form-7\\includes\\validation.php","line":82}

Jun 09 2022 13:16:55
{"type":8192,"message":"Return type of WPCF7_Validation::offsetUnset($offset) should either be compatible with ArrayAccess::offsetUnset(mixed $offset): void, or the #[\\ReturnTypeWillChange] attribute should be used to temporarily suppress the notice","file":"C:\\Users\\LNGDVD97M\\Documents\\DedaAcademy\\Wordpress\\progettos2i\\wp-content\\plugins\\contact-form-7\\includes\\validation.php","line":82}

Jun 09 2022 13:16:55
{"type":8192,"message":"Return type of WPCF7_Validation::offsetUnset($offset) should either be compatible with ArrayAccess::offsetUnset(mixed $offset): void, or the #[\\ReturnTypeWillChange] attribute should be used to temporarily suppress the notice","file":"C:\\Users\\LNGDVD97M\\Documents\\DedaAcademy\\Wordpress\\progettos2i\\wp-content\\plugins\\contact-form-7\\includes\\validation.php","line":82}

Jun 09 2022 13:16:57
{"type":8192,"message":"Return type of WPCF7_Validation::offsetUnset($offset) should either be compatible with ArrayAccess::offsetUnset(mixed $offset): void, or the #[\\ReturnTypeWillChange] attribute should be used to temporarily suppress the notice","file":"C:\\Users\\LNGDVD97M\\Documents\\DedaAcademy\\Wordpress\\progettos2i\\wp-content\\plugins\\contact-form-7\\includes\\validation.php","line":82}

Jun 09 2022 13:16:58
{"type":8192,"message":"Return type of WPCF7_Validation::offsetUnset($offset) should either be compatible with ArrayAccess::offsetUnset(mixed $offset): void, or the #[\\ReturnTypeWillChange] attribute should be used to temporarily suppress the notice","file":"C:\\Users\\LNGDVD97M\\Documents\\DedaAcademy\\Wordpress\\progettos2i\\wp-content\\plugins\\contact-form-7\\includes\\validation.php","line":82}

Jun 09 2022 13:16:59
{"type":8192,"message":"Return type of WPCF7_Validation::offsetUnset($offset) should either be compatible with ArrayAccess::offsetUnset(mixed $offset): void, or the #[\\ReturnTypeWillChange] attribute should be used to temporarily suppress the notice","file":"C:\\Users\\LNGDVD97M\\Documents\\DedaAcademy\\Wordpress\\progettos2i\\wp-content\\plugins\\contact-form-7\\includes\\validation.php","line":82}

Jun 09 2022 13:17:00
{"type":8192,"message":"Return type of WPCF7_Validation::offsetUnset($offset) should either be compatible with ArrayAccess::offsetUnset(mixed $offset): void, or the #[\\ReturnTypeWillChange] attribute should be used to temporarily suppress the notice","file":"C:\\Users\\LNGDVD97M\\Documents\\DedaAcademy\\Wordpress\\progettos2i\\wp-content\\plugins\\contact-form-7\\includes\\validation.php","line":82}

Jun 09 2022 13:17:01
{"type":8192,"message":"Return type of WPCF7_Validation::offsetUnset($offset) should either be compatible with ArrayAccess::offsetUnset(mixed $offset): void, or the #[\\ReturnTypeWillChange] attribute should be used to temporarily suppress the notice","file":"C:\\Users\\LNGDVD97M\\Documents\\DedaAcademy\\Wordpress\\progettos2i\\wp-content\\plugins\\contact-form-7\\includes\\validation.php","line":82}

Jun 09 2022 13:20:48
{"Number":8192,"Message":"explode(): Passing null to parameter #2 ($string) of type string is deprecated","File":"C:\\Users\\LNGDVD97M\\Documents\\DedaAcademy\\Wordpress\\progettos2i\\wp-content\\plugins\\all-in-one-wp-migration\\functions.php","Line":447}

Jun 09 2022 13:20:48
{"type":8192,"message":"Return type of WPCF7_Validation::offsetUnset($offset) should either be compatible with ArrayAccess::offsetUnset(mixed $offset): void, or the #[\\ReturnTypeWillChange] attribute should be used to temporarily suppress the notice","file":"C:\\Users\\LNGDVD97M\\Documents\\DedaAcademy\\Wordpress\\progettos2i\\wp-content\\plugins\\contact-form-7\\includes\\validation.php","line":82}

Jun 09 2022 13:20:49
{"type":8192,"message":"Return type of WPCF7_Validation::offsetUnset($offset) should either be compatible with ArrayAccess::offsetUnset(mixed $offset): void, or the #[\\ReturnTypeWillChange] attribute should be used to temporarily suppress the notice","file":"C:\\Users\\LNGDVD97M\\Documents\\DedaAcademy\\Wordpress\\progettos2i\\wp-content\\plugins\\contact-form-7\\includes\\validation.php","line":82}

Jun 09 2022 13:20:50
{"type":8192,"message":"Return type of WPCF7_Validation::offsetUnset($offset) should either be compatible with ArrayAccess::offsetUnset(mixed $offset): void, or the #[\\ReturnTypeWillChange] attribute should be used to temporarily suppress the notice","file":"C:\\Users\\LNGDVD97M\\Documents\\DedaAcademy\\Wordpress\\progettos2i\\wp-content\\plugins\\contact-form-7\\includes\\validation.php","line":82}

Jun 09 2022 13:20:51
{"type":8192,"message":"Return type of WPCF7_Validation::offsetUnset($offset) should either be compatible with ArrayAccess::offsetUnset(mixed $offset): void, or the #[\\ReturnTypeWillChange] attribute should be used to temporarily suppress the notice","file":"C:\\Users\\LNGDVD97M\\Documents\\DedaAcademy\\Wordpress\\progettos2i\\wp-content\\plugins\\contact-form-7\\includes\\validation.php","line":82}

Jun 09 2022 13:20:51
{"Number":8192,"Message":"base64_encode(): Passing null to parameter #1 ($string) of type string is deprecated","File":"C:\\Users\\LNGDVD97M\\Documents\\DedaAcademy\\Wordpress\\progettos2i\\wp-content\\plugins\\all-in-one-wp-migration\\lib\\model\\export\\class-ai1wm-export-config.php","Line":164}

Jun 09 2022 13:20:51
{"Number":8192,"Message":"base64_encode(): Passing null to parameter #1 ($string) of type string is deprecated","File":"C:\\Users\\LNGDVD97M\\Documents\\DedaAcademy\\Wordpress\\progettos2i\\wp-content\\plugins\\all-in-one-wp-migration\\lib\\model\\export\\class-ai1wm-export-config.php","Line":164}

Jun 09 2022 13:20:51
{"type":8192,"message":"Return type of WPCF7_Validation::offsetUnset($offset) should either be compatible with ArrayAccess::offsetUnset(mixed $offset): void, or the #[\\ReturnTypeWillChange] attribute should be used to temporarily suppress the notice","file":"C:\\Users\\LNGDVD97M\\Documents\\DedaAcademy\\Wordpress\\progettos2i\\wp-content\\plugins\\contact-form-7\\includes\\validation.php","line":82}

Jun 09 2022 13:20:52
{"type":8192,"message":"Return type of WPCF7_Validation::offsetUnset($offset) should either be compatible with ArrayAccess::offsetUnset(mixed $offset): void, or the #[\\ReturnTypeWillChange] attribute should be used to temporarily suppress the notice","file":"C:\\Users\\LNGDVD97M\\Documents\\DedaAcademy\\Wordpress\\progettos2i\\wp-content\\plugins\\contact-form-7\\includes\\validation.php","line":82}

Jun 09 2022 13:20:53
{"type":8192,"message":"Return type of WPCF7_Validation::offsetUnset($offset) should either be compatible with ArrayAccess::offsetUnset(mixed $offset): void, or the #[\\ReturnTypeWillChange] attribute should be used to temporarily suppress the notice","file":"C:\\Users\\LNGDVD97M\\Documents\\DedaAcademy\\Wordpress\\progettos2i\\wp-content\\plugins\\contact-form-7\\includes\\validation.php","line":82}

Jun 09 2022 13:20:53
{"type":8192,"message":"Return type of WPCF7_Validation::offsetUnset($offset) should either be compatible with ArrayAccess::offsetUnset(mixed $offset): void, or the #[\\ReturnTypeWillChange] attribute should be used to temporarily suppress the notice","file":"C:\\Users\\LNGDVD97M\\Documents\\DedaAcademy\\Wordpress\\progettos2i\\wp-content\\plugins\\contact-form-7\\includes\\validation.php","line":82}

Jun 09 2022 13:20:54
{"type":8192,"message":"Return type of WPCF7_Validation::offsetUnset($offset) should either be compatible with ArrayAccess::offsetUnset(mixed $offset): void, or the #[\\ReturnTypeWillChange] attribute should be used to temporarily suppress the notice","file":"C:\\Users\\LNGDVD97M\\Documents\\DedaAcademy\\Wordpress\\progettos2i\\wp-content\\plugins\\contact-form-7\\includes\\validation.php","line":82}

Jun 09 2022 13:20:55
{"type":8192,"message":"Return type of WPCF7_Validation::offsetUnset($offset) should either be compatible with ArrayAccess::offsetUnset(mixed $offset): void, or the #[\\ReturnTypeWillChange] attribute should be used to temporarily suppress the notice","file":"C:\\Users\\LNGDVD97M\\Documents\\DedaAcademy\\Wordpress\\progettos2i\\wp-content\\plugins\\contact-form-7\\includes\\validation.php","line":82}

Jun 09 2022 13:20:56
{"type":8192,"message":"Return type of WPCF7_Validation::offsetUnset($offset) should either be compatible with ArrayAccess::offsetUnset(mixed $offset): void, or the #[\\ReturnTypeWillChange] attribute should be used to temporarily suppress the notice","file":"C:\\Users\\LNGDVD97M\\Documents\\DedaAcademy\\Wordpress\\progettos2i\\wp-content\\plugins\\contact-form-7\\includes\\validation.php","line":82}

Jun 09 2022 13:20:56
{"type":8192,"message":"Return type of WPCF7_Validation::offsetUnset($offset) should either be compatible with ArrayAccess::offsetUnset(mixed $offset): void, or the #[\\ReturnTypeWillChange] attribute should be used to temporarily suppress the notice","file":"C:\\Users\\LNGDVD97M\\Documents\\DedaAcademy\\Wordpress\\progettos2i\\wp-content\\plugins\\contact-form-7\\includes\\validation.php","line":82}

Jun 09 2022 13:20:58
{"type":8192,"message":"Return type of WPCF7_Validation::offsetUnset($offset) should either be compatible with ArrayAccess::offsetUnset(mixed $offset): void, or the #[\\ReturnTypeWillChange] attribute should be used to temporarily suppress the notice","file":"C:\\Users\\LNGDVD97M\\Documents\\DedaAcademy\\Wordpress\\progettos2i\\wp-content\\plugins\\contact-form-7\\includes\\validation.php","line":82}

Jun 09 2022 13:20:58
{"type":8192,"message":"Return type of WPCF7_Validation::offsetUnset($offset) should either be compatible with ArrayAccess::offsetUnset(mixed $offset): void, or the #[\\ReturnTypeWillChange] attribute should be used to temporarily suppress the notice","file":"C:\\Users\\LNGDVD97M\\Documents\\DedaAcademy\\Wordpress\\progettos2i\\wp-content\\plugins\\contact-form-7\\includes\\validation.php","line":82}

Jun 09 2022 13:20:59
{"type":8192,"message":"Return type of WPCF7_Validation::offsetUnset($offset) should either be compatible with ArrayAccess::offsetUnset(mixed $offset): void, or the #[\\ReturnTypeWillChange] attribute should be used to temporarily suppress the notice","file":"C:\\Users\\LNGDVD97M\\Documents\\DedaAcademy\\Wordpress\\progettos2i\\wp-content\\plugins\\contact-form-7\\includes\\validation.php","line":82}

Jun 09 2022 13:21:01
{"type":8192,"message":"Return type of WPCF7_Validation::offsetUnset($offset) should either be compatible with ArrayAccess::offsetUnset(mixed $offset): void, or the #[\\ReturnTypeWillChange] attribute should be used to temporarily suppress the notice","file":"C:\\Users\\LNGDVD97M\\Documents\\DedaAcademy\\Wordpress\\progettos2i\\wp-content\\plugins\\contact-form-7\\includes\\validation.php","line":82}

Jun 09 2022 13:21:04
{"type":8192,"message":"Return type of WPCF7_Validation::offsetUnset($offset) should either be compatible with ArrayAccess::offsetUnset(mixed $offset): void, or the #[\\ReturnTypeWillChange] attribute should be used to temporarily suppress the notice","file":"C:\\Users\\LNGDVD97M\\Documents\\DedaAcademy\\Wordpress\\progettos2i\\wp-content\\plugins\\contact-form-7\\includes\\validation.php","line":82}

Jun 09 2022 13:21:05
{"type":8192,"message":"Return type of WPCF7_Validation::offsetUnset($offset) should either be compatible with ArrayAccess::offsetUnset(mixed $offset): void, or the #[\\ReturnTypeWillChange] attribute should be used to temporarily suppress the notice","file":"C:\\Users\\LNGDVD97M\\Documents\\DedaAcademy\\Wordpress\\progettos2i\\wp-content\\plugins\\contact-form-7\\includes\\validation.php","line":82}

Jun 09 2022 13:21:06
{"type":8192,"message":"Return type of WPCF7_Validation::offsetUnset($offset) should either be compatible with ArrayAccess::offsetUnset(mixed $offset): void, or the #[\\ReturnTypeWillChange] attribute should be used to temporarily suppress the notice","file":"C:\\Users\\LNGDVD97M\\Documents\\DedaAcademy\\Wordpress\\progettos2i\\wp-content\\plugins\\contact-form-7\\includes\\validation.php","line":82}

Jun 09 2022 13:21:07
{"type":8192,"message":"Return type of WPCF7_Validation::offsetUnset($offset) should either be compatible with ArrayAccess::offsetUnset(mixed $offset): void, or the #[\\ReturnTypeWillChange] attribute should be used to temporarily suppress the notice","file":"C:\\Users\\LNGDVD97M\\Documents\\DedaAcademy\\Wordpress\\progettos2i\\wp-content\\plugins\\contact-form-7\\includes\\validation.php","line":82}

Jun 09 2022 13:21:07
{"type":8192,"message":"Return type of WPCF7_Validation::offsetUnset($offset) should either be compatible with ArrayAccess::offsetUnset(mixed $offset): void, or the #[\\ReturnTypeWillChange] attribute should be used to temporarily suppress the notice","file":"C:\\Users\\LNGDVD97M\\Documents\\DedaAcademy\\Wordpress\\progettos2i\\wp-content\\plugins\\contact-form-7\\includes\\validation.php","line":82}

Jun 09 2022 13:21:08
{"type":8192,"message":"Return type of WPCF7_Validation::offsetUnset($offset) should either be compatible with ArrayAccess::offsetUnset(mixed $offset): void, or the #[\\ReturnTypeWillChange] attribute should be used to temporarily suppress the notice","file":"C:\\Users\\LNGDVD97M\\Documents\\DedaAcademy\\Wordpress\\progettos2i\\wp-content\\plugins\\contact-form-7\\includes\\validation.php","line":82}

Jun 09 2022 13:21:09
{"type":8192,"message":"Return type of WPCF7_Validation::offsetUnset($offset) should either be compatible with ArrayAccess::offsetUnset(mixed $offset): void, or the #[\\ReturnTypeWillChange] attribute should be used to temporarily suppress the notice","file":"C:\\Users\\LNGDVD97M\\Documents\\DedaAcademy\\Wordpress\\progettos2i\\wp-content\\plugins\\contact-form-7\\includes\\validation.php","line":82}

Jun 09 2022 13:22:13
{"Number":8192,"Message":"explode(): Passing null to parameter #2 ($string) of type string is deprecated","File":"C:\\Users\\LNGDVD97M\\Documents\\DedaAcademy\\Wordpress\\progettos2i\\wp-content\\plugins\\all-in-one-wp-migration\\functions.php","Line":447}

Jun 09 2022 13:22:13
{"type":8192,"message":"Return type of WPCF7_Validation::offsetUnset($offset) should either be compatible with ArrayAccess::offsetUnset(mixed $offset): void, or the #[\\ReturnTypeWillChange] attribute should be used to temporarily suppress the notice","file":"C:\\Users\\LNGDVD97M\\Documents\\DedaAcademy\\Wordpress\\progettos2i\\wp-content\\plugins\\contact-form-7\\includes\\validation.php","line":82}

Jun 09 2022 13:22:13
{"type":8192,"message":"Return type of WPCF7_Validation::offsetUnset($offset) should either be compatible with ArrayAccess::offsetUnset(mixed $offset): void, or the #[\\ReturnTypeWillChange] attribute should be used to temporarily suppress the notice","file":"C:\\Users\\LNGDVD97M\\Documents\\DedaAcademy\\Wordpress\\progettos2i\\wp-content\\plugins\\contact-form-7\\includes\\validation.php","line":82}

Jun 09 2022 13:22:14
{"type":8192,"message":"Return type of WPCF7_Validation::offsetUnset($offset) should either be compatible with ArrayAccess::offsetUnset(mixed $offset): void, or the #[\\ReturnTypeWillChange] attribute should be used to temporarily suppress the notice","file":"C:\\Users\\LNGDVD97M\\Documents\\DedaAcademy\\Wordpress\\progettos2i\\wp-content\\plugins\\contact-form-7\\includes\\validation.php","line":82}

Jun 09 2022 13:22:15
{"type":8192,"message":"Return type of WPCF7_Validation::offsetUnset($offset) should either be compatible with ArrayAccess::offsetUnset(mixed $offset): void, or the #[\\ReturnTypeWillChange] attribute should be used to temporarily suppress the notice","file":"C:\\Users\\LNGDVD97M\\Documents\\DedaAcademy\\Wordpress\\progettos2i\\wp-content\\plugins\\contact-form-7\\includes\\validation.php","line":82}

Jun 09 2022 13:22:15
{"Number":8192,"Message":"base64_encode(): Passing null to parameter #1 ($string) of type string is deprecated","File":"C:\\Users\\LNGDVD97M\\Documents\\DedaAcademy\\Wordpress\\progettos2i\\wp-content\\plugins\\all-in-one-wp-migration\\lib\\model\\export\\class-ai1wm-export-config.php","Line":164}

Jun 09 2022 13:22:15
{"Number":8192,"Message":"base64_encode(): Passing null to parameter #1 ($string) of type string is deprecated","File":"C:\\Users\\LNGDVD97M\\Documents\\DedaAcademy\\Wordpress\\progettos2i\\wp-content\\plugins\\all-in-one-wp-migration\\lib\\model\\export\\class-ai1wm-export-config.php","Line":164}

Jun 09 2022 13:22:15
{"type":8192,"message":"Return type of WPCF7_Validation::offsetUnset($offset) should either be compatible with ArrayAccess::offsetUnset(mixed $offset): void, or the #[\\ReturnTypeWillChange] attribute should be used to temporarily suppress the notice","file":"C:\\Users\\LNGDVD97M\\Documents\\DedaAcademy\\Wordpress\\progettos2i\\wp-content\\plugins\\contact-form-7\\includes\\validation.php","line":82}

Jun 09 2022 13:22:16
{"type":8192,"message":"Return type of WPCF7_Validation::offsetUnset($offset) should either be compatible with ArrayAccess::offsetUnset(mixed $offset): void, or the #[\\ReturnTypeWillChange] attribute should be used to temporarily suppress the notice","file":"C:\\Users\\LNGDVD97M\\Documents\\DedaAcademy\\Wordpress\\progettos2i\\wp-content\\plugins\\contact-form-7\\includes\\validation.php","line":82}

Jun 09 2022 13:22:17
{"type":8192,"message":"Return type of WPCF7_Validation::offsetUnset($offset) should either be compatible with ArrayAccess::offsetUnset(mixed $offset): void, or the #[\\ReturnTypeWillChange] attribute should be used to temporarily suppress the notice","file":"C:\\Users\\LNGDVD97M\\Documents\\DedaAcademy\\Wordpress\\progettos2i\\wp-content\\plugins\\contact-form-7\\includes\\validation.php","line":82}

Jun 09 2022 13:22:18
{"type":8192,"message":"Return type of WPCF7_Validation::offsetUnset($offset) should either be compatible with ArrayAccess::offsetUnset(mixed $offset): void, or the #[\\ReturnTypeWillChange] attribute should be used to temporarily suppress the notice","file":"C:\\Users\\LNGDVD97M\\Documents\\DedaAcademy\\Wordpress\\progettos2i\\wp-content\\plugins\\contact-form-7\\includes\\validation.php","line":82}

Jun 09 2022 13:22:18
{"type":8192,"message":"Return type of WPCF7_Validation::offsetUnset($offset) should either be compatible with ArrayAccess::offsetUnset(mixed $offset): void, or the #[\\ReturnTypeWillChange] attribute should be used to temporarily suppress the notice","file":"C:\\Users\\LNGDVD97M\\Documents\\DedaAcademy\\Wordpress\\progettos2i\\wp-content\\plugins\\contact-form-7\\includes\\validation.php","line":82}

Jun 09 2022 13:22:19
{"type":8192,"message":"Return type of WPCF7_Validation::offsetUnset($offset) should either be compatible with ArrayAccess::offsetUnset(mixed $offset): void, or the #[\\ReturnTypeWillChange] attribute should be used to temporarily suppress the notice","file":"C:\\Users\\LNGDVD97M\\Documents\\DedaAcademy\\Wordpress\\progettos2i\\wp-content\\plugins\\contact-form-7\\includes\\validation.php","line":82}

Jun 09 2022 13:22:20
{"type":8192,"message":"Return type of WPCF7_Validation::offsetUnset($offset) should either be compatible with ArrayAccess::offsetUnset(mixed $offset): void, or the #[\\ReturnTypeWillChange] attribute should be used to temporarily suppress the notice","file":"C:\\Users\\LNGDVD97M\\Documents\\DedaAcademy\\Wordpress\\progettos2i\\wp-content\\plugins\\contact-form-7\\includes\\validation.php","line":82}

Jun 09 2022 13:22:20
{"type":8192,"message":"Return type of WPCF7_Validation::offsetUnset($offset) should either be compatible with ArrayAccess::offsetUnset(mixed $offset): void, or the #[\\ReturnTypeWillChange] attribute should be used to temporarily suppress the notice","file":"C:\\Users\\LNGDVD97M\\Documents\\DedaAcademy\\Wordpress\\progettos2i\\wp-content\\plugins\\contact-form-7\\includes\\validation.php","line":82}

Jun 09 2022 13:22:21
{"type":8192,"message":"Return type of WPCF7_Validation::offsetUnset($offset) should either be compatible with ArrayAccess::offsetUnset(mixed $offset): void, or the #[\\ReturnTypeWillChange] attribute should be used to temporarily suppress the notice","file":"C:\\Users\\LNGDVD97M\\Documents\\DedaAcademy\\Wordpress\\progettos2i\\wp-content\\plugins\\contact-form-7\\includes\\validation.php","line":82}

Jun 09 2022 13:22:22
{"type":8192,"message":"Return type of WPCF7_Validation::offsetUnset($offset) should either be compatible with ArrayAccess::offsetUnset(mixed $offset): void, or the #[\\ReturnTypeWillChange] attribute should be used to temporarily suppress the notice","file":"C:\\Users\\LNGDVD97M\\Documents\\DedaAcademy\\Wordpress\\progettos2i\\wp-content\\plugins\\contact-form-7\\includes\\validation.php","line":82}

Jun 09 2022 13:22:23
{"type":8192,"message":"Return type of WPCF7_Validation::offsetUnset($offset) should either be compatible with ArrayAccess::offsetUnset(mixed $offset): void, or the #[\\ReturnTypeWillChange] attribute should be used to temporarily suppress the notice","file":"C:\\Users\\LNGDVD97M\\Documents\\DedaAcademy\\Wordpress\\progettos2i\\wp-content\\plugins\\contact-form-7\\includes\\validation.php","line":82}

Jun 09 2022 13:22:24
{"type":8192,"message":"Return type of WPCF7_Validation::offsetUnset($offset) should either be compatible with ArrayAccess::offsetUnset(mixed $offset): void, or the #[\\ReturnTypeWillChange] attribute should be used to temporarily suppress the notice","file":"C:\\Users\\LNGDVD97M\\Documents\\DedaAcademy\\Wordpress\\progettos2i\\wp-content\\plugins\\contact-form-7\\includes\\validation.php","line":82}

Jun 09 2022 13:22:25
{"type":8192,"message":"Return type of WPCF7_Validation::offsetUnset($offset) should either be compatible with ArrayAccess::offsetUnset(mixed $offset): void, or the #[\\ReturnTypeWillChange] attribute should be used to temporarily suppress the notice","file":"C:\\Users\\LNGDVD97M\\Documents\\DedaAcademy\\Wordpress\\progettos2i\\wp-content\\plugins\\contact-form-7\\includes\\validation.php","line":82}

Jun 09 2022 13:22:26
{"type":8192,"message":"Return type of WPCF7_Validation::offsetUnset($offset) should either be compatible with ArrayAccess::offsetUnset(mixed $offset): void, or the #[\\ReturnTypeWillChange] attribute should be used to temporarily suppress the notice","file":"C:\\Users\\LNGDVD97M\\Documents\\DedaAcademy\\Wordpress\\progettos2i\\wp-content\\plugins\\contact-form-7\\includes\\validation.php","line":82}

Jun 09 2022 13:22:26
{"type":8192,"message":"Return type of WPCF7_Validation::offsetUnset($offset) should either be compatible with ArrayAccess::offsetUnset(mixed $offset): void, or the #[\\ReturnTypeWillChange] attribute should be used to temporarily suppress the notice","file":"C:\\Users\\LNGDVD97M\\Documents\\DedaAcademy\\Wordpress\\progettos2i\\wp-content\\plugins\\contact-form-7\\includes\\validation.php","line":82}

Jun 09 2022 13:22:27
{"type":8192,"message":"Return type of WPCF7_Validation::offsetUnset($offset) should either be compatible with ArrayAccess::offsetUnset(mixed $offset): void, or the #[\\ReturnTypeWillChange] attribute should be used to temporarily suppress the notice","file":"C:\\Users\\LNGDVD97M\\Documents\\DedaAcademy\\Wordpress\\progettos2i\\wp-content\\plugins\\contact-form-7\\includes\\validation.php","line":82}

Jun 09 2022 13:22:28
{"type":8192,"message":"Return type of WPCF7_Validation::offsetUnset($offset) should either be compatible with ArrayAccess::offsetUnset(mixed $offset): void, or the #[\\ReturnTypeWillChange] attribute should be used to temporarily suppress the notice","file":"C:\\Users\\LNGDVD97M\\Documents\\DedaAcademy\\Wordpress\\progettos2i\\wp-content\\plugins\\contact-form-7\\includes\\validation.php","line":82}

Jun 09 2022 13:22:29
{"type":8192,"message":"Return type of WPCF7_Validation::offsetUnset($offset) should either be compatible with ArrayAccess::offsetUnset(mixed $offset): void, or the #[\\ReturnTypeWillChange] attribute should be used to temporarily suppress the notice","file":"C:\\Users\\LNGDVD97M\\Documents\\DedaAcademy\\Wordpress\\progettos2i\\wp-content\\plugins\\contact-form-7\\includes\\validation.php","line":82}

Jun 09 2022 13:22:30
{"type":8192,"message":"Return type of WPCF7_Validation::offsetUnset($offset) should either be compatible with ArrayAccess::offsetUnset(mixed $offset): void, or the #[\\ReturnTypeWillChange] attribute should be used to temporarily suppress the notice","file":"C:\\Users\\LNGDVD97M\\Documents\\DedaAcademy\\Wordpress\\progettos2i\\wp-content\\plugins\\contact-form-7\\includes\\validation.php","line":82}

Jun 09 2022 13:23:09
{"Number":8192,"Message":"explode(): Passing null to parameter #2 ($string) of type string is deprecated","File":"C:\\Users\\LNGDVD97M\\Documents\\DedaAcademy\\Wordpress\\progettos2i\\wp-content\\plugins\\all-in-one-wp-migration\\functions.php","Line":447}

Jun 09 2022 13:23:09
{"type":8192,"message":"Return type of WPCF7_Validation::offsetUnset($offset) should either be compatible with ArrayAccess::offsetUnset(mixed $offset): void, or the #[\\ReturnTypeWillChange] attribute should be used to temporarily suppress the notice","file":"C:\\Users\\LNGDVD97M\\Documents\\DedaAcademy\\Wordpress\\progettos2i\\wp-content\\plugins\\contact-form-7\\includes\\validation.php","line":82}

Jun 09 2022 13:23:10
{"type":8192,"message":"Return type of WPCF7_Validation::offsetUnset($offset) should either be compatible with ArrayAccess::offsetUnset(mixed $offset): void, or the #[\\ReturnTypeWillChange] attribute should be used to temporarily suppress the notice","file":"C:\\Users\\LNGDVD97M\\Documents\\DedaAcademy\\Wordpress\\progettos2i\\wp-content\\plugins\\contact-form-7\\includes\\validation.php","line":82}

Jun 09 2022 13:23:11
{"type":8192,"message":"Return type of WPCF7_Validation::offsetUnset($offset) should either be compatible with ArrayAccess::offsetUnset(mixed $offset): void, or the #[\\ReturnTypeWillChange] attribute should be used to temporarily suppress the notice","file":"C:\\Users\\LNGDVD97M\\Documents\\DedaAcademy\\Wordpress\\progettos2i\\wp-content\\plugins\\contact-form-7\\includes\\validation.php","line":82}

Jun 09 2022 13:23:11
{"type":8192,"message":"Return type of WPCF7_Validation::offsetUnset($offset) should either be compatible with ArrayAccess::offsetUnset(mixed $offset): void, or the #[\\ReturnTypeWillChange] attribute should be used to temporarily suppress the notice","file":"C:\\Users\\LNGDVD97M\\Documents\\DedaAcademy\\Wordpress\\progettos2i\\wp-content\\plugins\\contact-form-7\\includes\\validation.php","line":82}

Jun 09 2022 13:23:12
{"Number":8192,"Message":"base64_encode(): Passing null to parameter #1 ($string) of type string is deprecated","File":"C:\\Users\\LNGDVD97M\\Documents\\DedaAcademy\\Wordpress\\progettos2i\\wp-content\\plugins\\all-in-one-wp-migration\\lib\\model\\export\\class-ai1wm-export-config.php","Line":164}

Jun 09 2022 13:23:12
{"Number":8192,"Message":"base64_encode(): Passing null to parameter #1 ($string) of type string is deprecated","File":"C:\\Users\\LNGDVD97M\\Documents\\DedaAcademy\\Wordpress\\progettos2i\\wp-content\\plugins\\all-in-one-wp-migration\\lib\\model\\export\\class-ai1wm-export-config.php","Line":164}

Jun 09 2022 13:23:12
{"type":8192,"message":"Return type of WPCF7_Validation::offsetUnset($offset) should either be compatible with ArrayAccess::offsetUnset(mixed $offset): void, or the #[\\ReturnTypeWillChange] attribute should be used to temporarily suppress the notice","file":"C:\\Users\\LNGDVD97M\\Documents\\DedaAcademy\\Wordpress\\progettos2i\\wp-content\\plugins\\contact-form-7\\includes\\validation.php","line":82}

Jun 09 2022 13:23:13
{"type":8192,"message":"Return type of WPCF7_Validation::offsetUnset($offset) should either be compatible with ArrayAccess::offsetUnset(mixed $offset): void, or the #[\\ReturnTypeWillChange] attribute should be used to temporarily suppress the notice","file":"C:\\Users\\LNGDVD97M\\Documents\\DedaAcademy\\Wordpress\\progettos2i\\wp-content\\plugins\\contact-form-7\\includes\\validation.php","line":82}

Jun 09 2022 13:23:14
{"type":8192,"message":"Return type of WPCF7_Validation::offsetUnset($offset) should either be compatible with ArrayAccess::offsetUnset(mixed $offset): void, or the #[\\ReturnTypeWillChange] attribute should be used to temporarily suppress the notice","file":"C:\\Users\\LNGDVD97M\\Documents\\DedaAcademy\\Wordpress\\progettos2i\\wp-content\\plugins\\contact-form-7\\includes\\validation.php","line":82}

Jun 09 2022 13:23:14
{"type":8192,"message":"Return type of WPCF7_Validation::offsetUnset($offset) should either be compatible with ArrayAccess::offsetUnset(mixed $offset): void, or the #[\\ReturnTypeWillChange] attribute should be used to temporarily suppress the notice","file":"C:\\Users\\LNGDVD97M\\Documents\\DedaAcademy\\Wordpress\\progettos2i\\wp-content\\plugins\\contact-form-7\\includes\\validation.php","line":82}

Jun 09 2022 13:23:15
{"type":8192,"message":"Return type of WPCF7_Validation::offsetUnset($offset) should either be compatible with ArrayAccess::offsetUnset(mixed $offset): void, or the #[\\ReturnTypeWillChange] attribute should be used to temporarily suppress the notice","file":"C:\\Users\\LNGDVD97M\\Documents\\DedaAcademy\\Wordpress\\progettos2i\\wp-content\\plugins\\contact-form-7\\includes\\validation.php","line":82}

Jun 09 2022 13:23:16
{"type":8192,"message":"Return type of WPCF7_Validation::offsetUnset($offset) should either be compatible with ArrayAccess::offsetUnset(mixed $offset): void, or the #[\\ReturnTypeWillChange] attribute should be used to temporarily suppress the notice","file":"C:\\Users\\LNGDVD97M\\Documents\\DedaAcademy\\Wordpress\\progettos2i\\wp-content\\plugins\\contact-form-7\\includes\\validation.php","line":82}

Jun 09 2022 13:23:17
{"type":8192,"message":"Return type of WPCF7_Validation::offsetUnset($offset) should either be compatible with ArrayAccess::offsetUnset(mixed $offset): void, or the #[\\ReturnTypeWillChange] attribute should be used to temporarily suppress the notice","file":"C:\\Users\\LNGDVD97M\\Documents\\DedaAcademy\\Wordpress\\progettos2i\\wp-content\\plugins\\contact-form-7\\includes\\validation.php","line":82}

Jun 09 2022 13:23:17
{"type":8192,"message":"Return type of WPCF7_Validation::offsetUnset($offset) should either be compatible with ArrayAccess::offsetUnset(mixed $offset): void, or the #[\\ReturnTypeWillChange] attribute should be used to temporarily suppress the notice","file":"C:\\Users\\LNGDVD97M\\Documents\\DedaAcademy\\Wordpress\\progettos2i\\wp-content\\plugins\\contact-form-7\\includes\\validation.php","line":82}

Jun 09 2022 13:23:18
{"type":8192,"message":"Return type of WPCF7_Validation::offsetUnset($offset) should either be compatible with ArrayAccess::offsetUnset(mixed $offset): void, or the #[\\ReturnTypeWillChange] attribute should be used to temporarily suppress the notice","file":"C:\\Users\\LNGDVD97M\\Documents\\DedaAcademy\\Wordpress\\progettos2i\\wp-content\\plugins\\contact-form-7\\includes\\validation.php","line":82}

Jun 09 2022 13:23:19
{"type":8192,"message":"Return type of WPCF7_Validation::offsetUnset($offset) should either be compatible with ArrayAccess::offsetUnset(mixed $offset): void, or the #[\\ReturnTypeWillChange] attribute should be used to temporarily suppress the notice","file":"C:\\Users\\LNGDVD97M\\Documents\\DedaAcademy\\Wordpress\\progettos2i\\wp-content\\plugins\\contact-form-7\\includes\\validation.php","line":82}

Jun 09 2022 13:23:20
{"type":8192,"message":"Return type of WPCF7_Validation::offsetUnset($offset) should either be compatible with ArrayAccess::offsetUnset(mixed $offset): void, or the #[\\ReturnTypeWillChange] attribute should be used to temporarily suppress the notice","file":"C:\\Users\\LNGDVD97M\\Documents\\DedaAcademy\\Wordpress\\progettos2i\\wp-content\\plugins\\contact-form-7\\includes\\validation.php","line":82}

Jun 09 2022 13:23:21
{"type":8192,"message":"Return type of WPCF7_Validation::offsetUnset($offset) should either be compatible with ArrayAccess::offsetUnset(mixed $offset): void, or the #[\\ReturnTypeWillChange] attribute should be used to temporarily suppress the notice","file":"C:\\Users\\LNGDVD97M\\Documents\\DedaAcademy\\Wordpress\\progettos2i\\wp-content\\plugins\\contact-form-7\\includes\\validation.php","line":82}

Jun 09 2022 13:23:22
{"type":8192,"message":"Return type of WPCF7_Validation::offsetUnset($offset) should either be compatible with ArrayAccess::offsetUnset(mixed $offset): void, or the #[\\ReturnTypeWillChange] attribute should be used to temporarily suppress the notice","file":"C:\\Users\\LNGDVD97M\\Documents\\DedaAcademy\\Wordpress\\progettos2i\\wp-content\\plugins\\contact-form-7\\includes\\validation.php","line":82}

Jun 09 2022 13:23:23
{"type":8192,"message":"Return type of WPCF7_Validation::offsetUnset($offset) should either be compatible with ArrayAccess::offsetUnset(mixed $offset): void, or the #[\\ReturnTypeWillChange] attribute should be used to temporarily suppress the notice","file":"C:\\Users\\LNGDVD97M\\Documents\\DedaAcademy\\Wordpress\\progettos2i\\wp-content\\plugins\\contact-form-7\\includes\\validation.php","line":82}

Jun 09 2022 13:23:24
{"type":8192,"message":"Return type of WPCF7_Validation::offsetUnset($offset) should either be compatible with ArrayAccess::offsetUnset(mixed $offset): void, or the #[\\ReturnTypeWillChange] attribute should be used to temporarily suppress the notice","file":"C:\\Users\\LNGDVD97M\\Documents\\DedaAcademy\\Wordpress\\progettos2i\\wp-content\\plugins\\contact-form-7\\includes\\validation.php","line":82}

Jun 09 2022 13:23:25
{"type":8192,"message":"Return type of WPCF7_Validation::offsetUnset($offset) should either be compatible with ArrayAccess::offsetUnset(mixed $offset): void, or the #[\\ReturnTypeWillChange] attribute should be used to temporarily suppress the notice","file":"C:\\Users\\LNGDVD97M\\Documents\\DedaAcademy\\Wordpress\\progettos2i\\wp-content\\plugins\\contact-form-7\\includes\\validation.php","line":82}

Jun 09 2022 13:23:25
{"type":8192,"message":"Return type of WPCF7_Validation::offsetUnset($offset) should either be compatible with ArrayAccess::offsetUnset(mixed $offset): void, or the #[\\ReturnTypeWillChange] attribute should be used to temporarily suppress the notice","file":"C:\\Users\\LNGDVD97M\\Documents\\DedaAcademy\\Wordpress\\progettos2i\\wp-content\\plugins\\contact-form-7\\includes\\validation.php","line":82}

Jun 09 2022 13:23:26
{"type":8192,"message":"Return type of WPCF7_Validation::offsetUnset($offset) should either be compatible with ArrayAccess::offsetUnset(mixed $offset): void, or the #[\\ReturnTypeWillChange] attribute should be used to temporarily suppress the notice","file":"C:\\Users\\LNGDVD97M\\Documents\\DedaAcademy\\Wordpress\\progettos2i\\wp-content\\plugins\\contact-form-7\\includes\\validation.php","line":82}

Jun 09 2022 13:23:27
{"type":8192,"message":"Return type of WPCF7_Validation::offsetUnset($offset) should either be compatible with ArrayAccess::offsetUnset(mixed $offset): void, or the #[\\ReturnTypeWillChange] attribute should be used to temporarily suppress the notice","file":"C:\\Users\\LNGDVD97M\\Documents\\DedaAcademy\\Wordpress\\progettos2i\\wp-content\\plugins\\contact-form-7\\includes\\validation.php","line":82}

